2024-11-30 22:35:13,882 [main] WARN  org.apache.hadoop.util.NativeCodeLoader - Unable to load native-hadoop library for your platform... using builtin-java classes where applicable
2024-11-30 22:35:13,908 [main] INFO  tn.enit.deIlliteracy.EducationLevelCount - Mapper done
2024-11-30 22:35:13,908 [main] INFO  tn.enit.deIlliteracy.EducationLevelCount - reducer done
2024-11-30 22:35:13,984 [main] INFO  org.apache.hadoop.conf.Configuration.deprecation - session.id is deprecated. Instead, use dfs.metrics.session-id
2024-11-30 22:35:13,985 [main] INFO  org.apache.hadoop.metrics.jvm.JvmMetrics - Initializing JVM Metrics with processName=JobTracker, sessionId=
2024-11-30 22:35:14,054 [main] WARN  org.apache.hadoop.mapreduce.JobResourceUploader - Hadoop command-line option parsing not performed. Implement the Tool interface and execute your application with ToolRunner to remedy this.
2024-11-30 22:35:14,057 [main] WARN  org.apache.hadoop.mapreduce.JobResourceUploader - No job jar file set.  User classes may not be found. See Job or Job#setJar(String).
2024-11-30 22:35:14,065 [main] INFO  org.apache.hadoop.mapreduce.lib.input.FileInputFormat - Total input paths to process : 1
2024-11-30 22:35:14,098 [main] INFO  org.apache.hadoop.mapreduce.JobSubmitter - number of splits:1
2024-11-30 22:35:14,182 [main] INFO  org.apache.hadoop.mapreduce.JobSubmitter - Submitting tokens for job: job_local532065011_0001
2024-11-30 22:35:14,308 [main] INFO  org.apache.hadoop.mapreduce.Job - The url to track the job: http://localhost:8080/
2024-11-30 22:35:14,309 [main] INFO  org.apache.hadoop.mapreduce.Job - Running job: job_local532065011_0001
2024-11-30 22:35:14,309 [Thread-14] INFO  org.apache.hadoop.mapred.LocalJobRunner - OutputCommitter set in config null
2024-11-30 22:35:14,314 [Thread-14] INFO  org.apache.hadoop.mapreduce.lib.output.FileOutputCommitter - File Output Committer Algorithm version is 1
2024-11-30 22:35:14,316 [Thread-14] INFO  org.apache.hadoop.mapred.LocalJobRunner - OutputCommitter is org.apache.hadoop.mapreduce.lib.output.FileOutputCommitter
2024-11-30 22:35:14,349 [Thread-14] INFO  org.apache.hadoop.mapred.LocalJobRunner - Waiting for map tasks
2024-11-30 22:35:14,349 [LocalJobRunner Map Task Executor #0] INFO  org.apache.hadoop.mapred.LocalJobRunner - Starting task: attempt_local532065011_0001_m_000000_0
2024-11-30 22:35:14,365 [LocalJobRunner Map Task Executor #0] INFO  org.apache.hadoop.mapreduce.lib.output.FileOutputCommitter - File Output Committer Algorithm version is 1
2024-11-30 22:35:14,373 [LocalJobRunner Map Task Executor #0] INFO  org.apache.hadoop.mapred.Task -  Using ResourceCalculatorProcessTree : [ ]
2024-11-30 22:35:14,376 [LocalJobRunner Map Task Executor #0] INFO  org.apache.hadoop.mapred.MapTask - Processing split: file:/home/bigdata/IdeaProjects/DataEngineeringCensusIncome/src/main/resources/input/adult.data:0+3974305
2024-11-30 22:35:14,415 [LocalJobRunner Map Task Executor #0] INFO  org.apache.hadoop.mapred.MapTask - (EQUATOR) 0 kvi 26214396(104857584)
2024-11-30 22:35:14,415 [LocalJobRunner Map Task Executor #0] INFO  org.apache.hadoop.mapred.MapTask - mapreduce.task.io.sort.mb: 100
2024-11-30 22:35:14,415 [LocalJobRunner Map Task Executor #0] INFO  org.apache.hadoop.mapred.MapTask - soft limit at 83886080
2024-11-30 22:35:14,415 [LocalJobRunner Map Task Executor #0] INFO  org.apache.hadoop.mapred.MapTask - bufstart = 0; bufvoid = 104857600
2024-11-30 22:35:14,415 [LocalJobRunner Map Task Executor #0] INFO  org.apache.hadoop.mapred.MapTask - kvstart = 26214396; length = 6553600
2024-11-30 22:35:14,418 [LocalJobRunner Map Task Executor #0] INFO  org.apache.hadoop.mapred.MapTask - Map output collector class = org.apache.hadoop.mapred.MapTask$MapOutputBuffer
2024-11-30 22:35:14,565 [LocalJobRunner Map Task Executor #0] INFO  org.apache.hadoop.mapred.LocalJobRunner - 
2024-11-30 22:35:14,565 [LocalJobRunner Map Task Executor #0] INFO  org.apache.hadoop.mapred.MapTask - Starting flush of map output
2024-11-30 22:35:14,566 [LocalJobRunner Map Task Executor #0] INFO  org.apache.hadoop.mapred.MapTask - Spilling map output
2024-11-30 22:35:14,566 [LocalJobRunner Map Task Executor #0] INFO  org.apache.hadoop.mapred.MapTask - bufstart = 0; bufend = 437415; bufvoid = 104857600
2024-11-30 22:35:14,566 [LocalJobRunner Map Task Executor #0] INFO  org.apache.hadoop.mapred.MapTask - kvstart = 26214396(104857584); kvend = 26084156(104336624); length = 130241/6553600
2024-11-30 22:35:14,621 [LocalJobRunner Map Task Executor #0] INFO  org.apache.hadoop.mapred.MapTask - Finished spill 0
2024-11-30 22:35:14,624 [LocalJobRunner Map Task Executor #0] INFO  org.apache.hadoop.mapred.Task - Task:attempt_local532065011_0001_m_000000_0 is done. And is in the process of committing
2024-11-30 22:35:14,630 [LocalJobRunner Map Task Executor #0] INFO  org.apache.hadoop.mapred.LocalJobRunner - map
2024-11-30 22:35:14,630 [LocalJobRunner Map Task Executor #0] INFO  org.apache.hadoop.mapred.Task - Task 'attempt_local532065011_0001_m_000000_0' done.
2024-11-30 22:35:14,630 [LocalJobRunner Map Task Executor #0] INFO  org.apache.hadoop.mapred.LocalJobRunner - Finishing task: attempt_local532065011_0001_m_000000_0
2024-11-30 22:35:14,631 [Thread-14] INFO  org.apache.hadoop.mapred.LocalJobRunner - map task executor complete.
2024-11-30 22:35:14,633 [Thread-14] INFO  org.apache.hadoop.mapred.LocalJobRunner - Waiting for reduce tasks
2024-11-30 22:35:14,633 [pool-3-thread-1] INFO  org.apache.hadoop.mapred.LocalJobRunner - Starting task: attempt_local532065011_0001_r_000000_0
2024-11-30 22:35:14,637 [pool-3-thread-1] INFO  org.apache.hadoop.mapreduce.lib.output.FileOutputCommitter - File Output Committer Algorithm version is 1
2024-11-30 22:35:14,637 [pool-3-thread-1] INFO  org.apache.hadoop.mapred.Task -  Using ResourceCalculatorProcessTree : [ ]
2024-11-30 22:35:14,639 [pool-3-thread-1] INFO  org.apache.hadoop.mapred.ReduceTask - Using ShuffleConsumerPlugin: org.apache.hadoop.mapreduce.task.reduce.Shuffle@79d05bbb
2024-11-30 22:35:14,647 [pool-3-thread-1] INFO  org.apache.hadoop.mapreduce.task.reduce.MergeManagerImpl - MergerManager: memoryLimit=2608647424, maxSingleShuffleLimit=652161856, mergeThreshold=1721707392, ioSortFactor=10, memToMemMergeOutputsThreshold=10
2024-11-30 22:35:14,649 [EventFetcher for fetching Map Completion Events] INFO  org.apache.hadoop.mapreduce.task.reduce.EventFetcher - attempt_local532065011_0001_r_000000_0 Thread started: EventFetcher for fetching Map Completion Events
2024-11-30 22:35:14,672 [localfetcher#1] INFO  org.apache.hadoop.mapreduce.task.reduce.LocalFetcher - localfetcher#1 about to shuffle output of map attempt_local532065011_0001_m_000000_0 decomp: 502539 len: 502543 to MEMORY
2024-11-30 22:35:14,677 [localfetcher#1] INFO  org.apache.hadoop.mapreduce.task.reduce.InMemoryMapOutput - Read 502539 bytes from map-output for attempt_local532065011_0001_m_000000_0
2024-11-30 22:35:14,678 [localfetcher#1] INFO  org.apache.hadoop.mapreduce.task.reduce.MergeManagerImpl - closeInMemoryFile -> map-output of size: 502539, inMemoryMapOutputs.size() -> 1, commitMemory -> 0, usedMemory ->502539
2024-11-30 22:35:14,678 [EventFetcher for fetching Map Completion Events] INFO  org.apache.hadoop.mapreduce.task.reduce.EventFetcher - EventFetcher is interrupted.. Returning
2024-11-30 22:35:14,679 [pool-3-thread-1] INFO  org.apache.hadoop.mapred.LocalJobRunner - 1 / 1 copied.
2024-11-30 22:35:14,679 [pool-3-thread-1] INFO  org.apache.hadoop.mapreduce.task.reduce.MergeManagerImpl - finalMerge called with 1 in-memory map-outputs and 0 on-disk map-outputs
2024-11-30 22:35:14,684 [pool-3-thread-1] INFO  org.apache.hadoop.mapred.Merger - Merging 1 sorted segments
2024-11-30 22:35:14,684 [pool-3-thread-1] INFO  org.apache.hadoop.mapred.Merger - Down to the last merge-pass, with 1 segments left of total size: 502532 bytes
2024-11-30 22:35:14,713 [pool-3-thread-1] INFO  org.apache.hadoop.mapreduce.task.reduce.MergeManagerImpl - Merged 1 segments, 502539 bytes to disk to satisfy reduce memory limit
2024-11-30 22:35:14,714 [pool-3-thread-1] INFO  org.apache.hadoop.mapreduce.task.reduce.MergeManagerImpl - Merging 1 files, 502543 bytes from disk
2024-11-30 22:35:14,715 [pool-3-thread-1] INFO  org.apache.hadoop.mapreduce.task.reduce.MergeManagerImpl - Merging 0 segments, 0 bytes from memory into reduce
2024-11-30 22:35:14,715 [pool-3-thread-1] INFO  org.apache.hadoop.mapred.Merger - Merging 1 sorted segments
2024-11-30 22:35:14,715 [pool-3-thread-1] INFO  org.apache.hadoop.mapred.Merger - Down to the last merge-pass, with 1 segments left of total size: 502532 bytes
2024-11-30 22:35:14,716 [pool-3-thread-1] INFO  org.apache.hadoop.mapred.LocalJobRunner - 1 / 1 copied.
2024-11-30 22:35:14,722 [pool-3-thread-1] INFO  org.apache.hadoop.conf.Configuration.deprecation - mapred.skip.on is deprecated. Instead, use mapreduce.job.skiprecords
2024-11-30 22:35:14,735 [pool-3-thread-1] INFO  tn.enit.deIlliteracy.EducationCountReducer - Reducer: 10th count: 933
2024-11-30 22:35:14,740 [pool-3-thread-1] INFO  tn.enit.deIlliteracy.EducationCountReducer - Reducer: 11th count: 1175
2024-11-30 22:35:14,742 [pool-3-thread-1] INFO  tn.enit.deIlliteracy.EducationCountReducer - Reducer: 12th count: 433
2024-11-30 22:35:14,743 [pool-3-thread-1] INFO  tn.enit.deIlliteracy.EducationCountReducer - Reducer: 1st-4th count: 168
2024-11-30 22:35:14,744 [pool-3-thread-1] INFO  tn.enit.deIlliteracy.EducationCountReducer - Reducer: 5th-6th count: 333
2024-11-30 22:35:14,744 [pool-3-thread-1] INFO  tn.enit.deIlliteracy.EducationCountReducer - Reducer: 7th-8th count: 646
2024-11-30 22:35:14,745 [pool-3-thread-1] INFO  tn.enit.deIlliteracy.EducationCountReducer - Reducer: 9th count: 514
2024-11-30 22:35:14,747 [pool-3-thread-1] INFO  tn.enit.deIlliteracy.EducationCountReducer - Reducer: Assoc-acdm count: 1067
2024-11-30 22:35:14,748 [pool-3-thread-1] INFO  tn.enit.deIlliteracy.EducationCountReducer - Reducer: Assoc-voc count: 1382
2024-11-30 22:35:14,753 [pool-3-thread-1] INFO  tn.enit.deIlliteracy.EducationCountReducer - Reducer: Bachelors count: 5355
2024-11-30 22:35:14,753 [pool-3-thread-1] INFO  tn.enit.deIlliteracy.EducationCountReducer - Reducer: Doctorate count: 413
2024-11-30 22:35:14,763 [pool-3-thread-1] INFO  tn.enit.deIlliteracy.EducationCountReducer - Reducer: HS-grad count: 10501
2024-11-30 22:35:14,764 [pool-3-thread-1] INFO  tn.enit.deIlliteracy.EducationCountReducer - Reducer: Masters count: 1723
2024-11-30 22:35:14,764 [pool-3-thread-1] INFO  tn.enit.deIlliteracy.EducationCountReducer - Reducer: Preschool count: 51
2024-11-30 22:35:14,765 [pool-3-thread-1] INFO  tn.enit.deIlliteracy.EducationCountReducer - Reducer: Prof-school count: 576
2024-11-30 22:35:14,773 [pool-3-thread-1] INFO  tn.enit.deIlliteracy.EducationCountReducer - Reducer: Some-college count: 7291
2024-11-30 22:35:14,773 [pool-3-thread-1] INFO  org.apache.hadoop.mapred.Task - Task:attempt_local532065011_0001_r_000000_0 is done. And is in the process of committing
2024-11-30 22:35:14,774 [pool-3-thread-1] INFO  org.apache.hadoop.mapred.LocalJobRunner - 1 / 1 copied.
2024-11-30 22:35:14,775 [pool-3-thread-1] INFO  org.apache.hadoop.mapred.Task - Task attempt_local532065011_0001_r_000000_0 is allowed to commit now
2024-11-30 22:35:14,776 [pool-3-thread-1] INFO  org.apache.hadoop.mapreduce.lib.output.FileOutputCommitter - Saved output of task 'attempt_local532065011_0001_r_000000_0' to file:/home/bigdata/IdeaProjects/DataEngineeringCensusIncome/src/main/resources/output2/_temporary/0/task_local532065011_0001_r_000000
2024-11-30 22:35:14,776 [pool-3-thread-1] INFO  org.apache.hadoop.mapred.LocalJobRunner - reduce > reduce
2024-11-30 22:35:14,776 [pool-3-thread-1] INFO  org.apache.hadoop.mapred.Task - Task 'attempt_local532065011_0001_r_000000_0' done.
2024-11-30 22:35:14,776 [pool-3-thread-1] INFO  org.apache.hadoop.mapred.LocalJobRunner - Finishing task: attempt_local532065011_0001_r_000000_0
2024-11-30 22:35:14,777 [Thread-14] INFO  org.apache.hadoop.mapred.LocalJobRunner - reduce task executor complete.
2024-11-30 22:35:15,310 [main] INFO  org.apache.hadoop.mapreduce.Job - Job job_local532065011_0001 running in uber mode : false
2024-11-30 22:35:15,311 [main] INFO  org.apache.hadoop.mapreduce.Job -  map 100% reduce 100%
2024-11-30 22:35:15,312 [main] INFO  org.apache.hadoop.mapreduce.Job - Job job_local532065011_0001 completed successfully
2024-11-30 22:35:15,319 [main] INFO  org.apache.hadoop.mapreduce.Job - Counters: 30
	File System Counters
		FILE: Number of bytes read=8954162
		FILE: Number of bytes written=2068621
		FILE: Number of read operations=0
		FILE: Number of large read operations=0
		FILE: Number of write operations=0
	Map-Reduce Framework
		Map input records=32562
		Map output records=32561
		Map output bytes=437415
		Map output materialized bytes=502543
		Input split bytes=160
		Combine input records=0
		Combine output records=0
		Reduce input groups=16
		Reduce shuffle bytes=502543
		Reduce input records=32561
		Reduce output records=16
		Spilled Records=65122
		Shuffled Maps =1
		Failed Shuffles=0
		Merged Map outputs=1
		GC time elapsed (ms)=8
		Total committed heap usage (bytes)=635437056
	Shuffle Errors
		BAD_ID=0
		CONNECTION=0
		IO_ERROR=0
		WRONG_LENGTH=0
		WRONG_MAP=0
		WRONG_REDUCE=0
	File Input Format Counters 
		Bytes Read=3974305
	File Output Format Counters 
		Bytes Written=218
