2024-11-30 22:45:15,173 [main] WARN  org.apache.hadoop.util.NativeCodeLoader - Unable to load native-hadoop library for your platform... using builtin-java classes where applicable
2024-11-30 22:45:15,195 [main] INFO  tn.enit.deRacer.DemographicRacesDivision - Mapper done
2024-11-30 22:45:15,195 [main] INFO  tn.enit.deRacer.DemographicRacesDivision - reducer done
2024-11-30 22:45:15,267 [main] INFO  org.apache.hadoop.conf.Configuration.deprecation - session.id is deprecated. Instead, use dfs.metrics.session-id
2024-11-30 22:45:15,268 [main] INFO  org.apache.hadoop.metrics.jvm.JvmMetrics - Initializing JVM Metrics with processName=JobTracker, sessionId=
2024-11-30 22:45:15,347 [main] WARN  org.apache.hadoop.mapreduce.JobResourceUploader - Hadoop command-line option parsing not performed. Implement the Tool interface and execute your application with ToolRunner to remedy this.
2024-11-30 22:45:15,353 [main] WARN  org.apache.hadoop.mapreduce.JobResourceUploader - No job jar file set.  User classes may not be found. See Job or Job#setJar(String).
2024-11-30 22:45:15,361 [main] INFO  org.apache.hadoop.mapreduce.lib.input.FileInputFormat - Total input paths to process : 1
2024-11-30 22:45:15,398 [main] INFO  org.apache.hadoop.mapreduce.JobSubmitter - number of splits:1
2024-11-30 22:45:15,473 [main] INFO  org.apache.hadoop.mapreduce.JobSubmitter - Submitting tokens for job: job_local245256287_0001
2024-11-30 22:45:15,585 [main] INFO  org.apache.hadoop.mapreduce.Job - The url to track the job: http://localhost:8080/
2024-11-30 22:45:15,586 [main] INFO  org.apache.hadoop.mapreduce.Job - Running job: job_local245256287_0001
2024-11-30 22:45:15,586 [Thread-14] INFO  org.apache.hadoop.mapred.LocalJobRunner - OutputCommitter set in config null
2024-11-30 22:45:15,590 [Thread-14] INFO  org.apache.hadoop.mapreduce.lib.output.FileOutputCommitter - File Output Committer Algorithm version is 1
2024-11-30 22:45:15,591 [Thread-14] INFO  org.apache.hadoop.mapred.LocalJobRunner - OutputCommitter is org.apache.hadoop.mapreduce.lib.output.FileOutputCommitter
2024-11-30 22:45:15,621 [Thread-14] INFO  org.apache.hadoop.mapred.LocalJobRunner - Waiting for map tasks
2024-11-30 22:45:15,622 [LocalJobRunner Map Task Executor #0] INFO  org.apache.hadoop.mapred.LocalJobRunner - Starting task: attempt_local245256287_0001_m_000000_0
2024-11-30 22:45:15,656 [LocalJobRunner Map Task Executor #0] INFO  org.apache.hadoop.mapreduce.lib.output.FileOutputCommitter - File Output Committer Algorithm version is 1
2024-11-30 22:45:15,666 [LocalJobRunner Map Task Executor #0] INFO  org.apache.hadoop.mapred.Task -  Using ResourceCalculatorProcessTree : [ ]
2024-11-30 22:45:15,669 [LocalJobRunner Map Task Executor #0] INFO  org.apache.hadoop.mapred.MapTask - Processing split: file:/home/bigdata/IdeaProjects/DataEngineeringCensusIncome/src/main/resources/input/adult.data:0+3974305
2024-11-30 22:45:15,708 [LocalJobRunner Map Task Executor #0] INFO  org.apache.hadoop.mapred.MapTask - (EQUATOR) 0 kvi 26214396(104857584)
2024-11-30 22:45:15,708 [LocalJobRunner Map Task Executor #0] INFO  org.apache.hadoop.mapred.MapTask - mapreduce.task.io.sort.mb: 100
2024-11-30 22:45:15,708 [LocalJobRunner Map Task Executor #0] INFO  org.apache.hadoop.mapred.MapTask - soft limit at 83886080
2024-11-30 22:45:15,708 [LocalJobRunner Map Task Executor #0] INFO  org.apache.hadoop.mapred.MapTask - bufstart = 0; bufvoid = 104857600
2024-11-30 22:45:15,708 [LocalJobRunner Map Task Executor #0] INFO  org.apache.hadoop.mapred.MapTask - kvstart = 26214396; length = 6553600
2024-11-30 22:45:15,712 [LocalJobRunner Map Task Executor #0] INFO  org.apache.hadoop.mapred.MapTask - Map output collector class = org.apache.hadoop.mapred.MapTask$MapOutputBuffer
2024-11-30 22:45:15,843 [LocalJobRunner Map Task Executor #0] INFO  org.apache.hadoop.mapred.LocalJobRunner - 
2024-11-30 22:45:15,843 [LocalJobRunner Map Task Executor #0] INFO  org.apache.hadoop.mapred.MapTask - Starting flush of map output
2024-11-30 22:45:15,843 [LocalJobRunner Map Task Executor #0] INFO  org.apache.hadoop.mapred.MapTask - Spilling map output
2024-11-30 22:45:15,843 [LocalJobRunner Map Task Executor #0] INFO  org.apache.hadoop.mapred.MapTask - bufstart = 0; bufend = 343160; bufvoid = 104857600
2024-11-30 22:45:15,843 [LocalJobRunner Map Task Executor #0] INFO  org.apache.hadoop.mapred.MapTask - kvstart = 26214396(104857584); kvend = 26084156(104336624); length = 130241/6553600
2024-11-30 22:45:15,891 [LocalJobRunner Map Task Executor #0] INFO  org.apache.hadoop.mapred.MapTask - Finished spill 0
2024-11-30 22:45:15,894 [LocalJobRunner Map Task Executor #0] INFO  org.apache.hadoop.mapred.Task - Task:attempt_local245256287_0001_m_000000_0 is done. And is in the process of committing
2024-11-30 22:45:15,900 [LocalJobRunner Map Task Executor #0] INFO  org.apache.hadoop.mapred.LocalJobRunner - map
2024-11-30 22:45:15,901 [LocalJobRunner Map Task Executor #0] INFO  org.apache.hadoop.mapred.Task - Task 'attempt_local245256287_0001_m_000000_0' done.
2024-11-30 22:45:15,901 [LocalJobRunner Map Task Executor #0] INFO  org.apache.hadoop.mapred.LocalJobRunner - Finishing task: attempt_local245256287_0001_m_000000_0
2024-11-30 22:45:15,901 [Thread-14] INFO  org.apache.hadoop.mapred.LocalJobRunner - map task executor complete.
2024-11-30 22:45:15,903 [Thread-14] INFO  org.apache.hadoop.mapred.LocalJobRunner - Waiting for reduce tasks
2024-11-30 22:45:15,904 [pool-3-thread-1] INFO  org.apache.hadoop.mapred.LocalJobRunner - Starting task: attempt_local245256287_0001_r_000000_0
2024-11-30 22:45:15,908 [pool-3-thread-1] INFO  org.apache.hadoop.mapreduce.lib.output.FileOutputCommitter - File Output Committer Algorithm version is 1
2024-11-30 22:45:15,908 [pool-3-thread-1] INFO  org.apache.hadoop.mapred.Task -  Using ResourceCalculatorProcessTree : [ ]
2024-11-30 22:45:15,910 [pool-3-thread-1] INFO  org.apache.hadoop.mapred.ReduceTask - Using ShuffleConsumerPlugin: org.apache.hadoop.mapreduce.task.reduce.Shuffle@116bb873
2024-11-30 22:45:15,918 [pool-3-thread-1] INFO  org.apache.hadoop.mapreduce.task.reduce.MergeManagerImpl - MergerManager: memoryLimit=2608647424, maxSingleShuffleLimit=652161856, mergeThreshold=1721707392, ioSortFactor=10, memToMemMergeOutputsThreshold=10
2024-11-30 22:45:15,920 [EventFetcher for fetching Map Completion Events] INFO  org.apache.hadoop.mapreduce.task.reduce.EventFetcher - attempt_local245256287_0001_r_000000_0 Thread started: EventFetcher for fetching Map Completion Events
2024-11-30 22:45:15,962 [localfetcher#1] INFO  org.apache.hadoop.mapreduce.task.reduce.LocalFetcher - localfetcher#1 about to shuffle output of map attempt_local245256287_0001_m_000000_0 decomp: 408284 len: 408288 to MEMORY
2024-11-30 22:45:15,966 [localfetcher#1] INFO  org.apache.hadoop.mapreduce.task.reduce.InMemoryMapOutput - Read 408284 bytes from map-output for attempt_local245256287_0001_m_000000_0
2024-11-30 22:45:15,967 [localfetcher#1] INFO  org.apache.hadoop.mapreduce.task.reduce.MergeManagerImpl - closeInMemoryFile -> map-output of size: 408284, inMemoryMapOutputs.size() -> 1, commitMemory -> 0, usedMemory ->408284
2024-11-30 22:45:15,968 [EventFetcher for fetching Map Completion Events] INFO  org.apache.hadoop.mapreduce.task.reduce.EventFetcher - EventFetcher is interrupted.. Returning
2024-11-30 22:45:15,968 [pool-3-thread-1] INFO  org.apache.hadoop.mapred.LocalJobRunner - 1 / 1 copied.
2024-11-30 22:45:15,968 [pool-3-thread-1] INFO  org.apache.hadoop.mapreduce.task.reduce.MergeManagerImpl - finalMerge called with 1 in-memory map-outputs and 0 on-disk map-outputs
2024-11-30 22:45:15,973 [pool-3-thread-1] INFO  org.apache.hadoop.mapred.Merger - Merging 1 sorted segments
2024-11-30 22:45:15,973 [pool-3-thread-1] INFO  org.apache.hadoop.mapred.Merger - Down to the last merge-pass, with 1 segments left of total size: 408263 bytes
2024-11-30 22:45:16,009 [pool-3-thread-1] INFO  org.apache.hadoop.mapreduce.task.reduce.MergeManagerImpl - Merged 1 segments, 408284 bytes to disk to satisfy reduce memory limit
2024-11-30 22:45:16,009 [pool-3-thread-1] INFO  org.apache.hadoop.mapreduce.task.reduce.MergeManagerImpl - Merging 1 files, 408288 bytes from disk
2024-11-30 22:45:16,010 [pool-3-thread-1] INFO  org.apache.hadoop.mapreduce.task.reduce.MergeManagerImpl - Merging 0 segments, 0 bytes from memory into reduce
2024-11-30 22:45:16,010 [pool-3-thread-1] INFO  org.apache.hadoop.mapred.Merger - Merging 1 sorted segments
2024-11-30 22:45:16,010 [pool-3-thread-1] INFO  org.apache.hadoop.mapred.Merger - Down to the last merge-pass, with 1 segments left of total size: 408263 bytes
2024-11-30 22:45:16,011 [pool-3-thread-1] INFO  org.apache.hadoop.mapred.LocalJobRunner - 1 / 1 copied.
2024-11-30 22:45:16,017 [pool-3-thread-1] INFO  org.apache.hadoop.conf.Configuration.deprecation - mapred.skip.on is deprecated. Instead, use mapreduce.job.skiprecords
2024-11-30 22:45:16,024 [pool-3-thread-1] INFO  tn.enit.deRacer.DemographicRaceReducer - Reducer: Amer-Indian-Eskimo count: 311
2024-11-30 22:45:16,029 [pool-3-thread-1] INFO  tn.enit.deRacer.DemographicRaceReducer - Reducer: Asian-Pac-Islander count: 1039
2024-11-30 22:45:16,037 [pool-3-thread-1] INFO  tn.enit.deRacer.DemographicRaceReducer - Reducer: Black count: 3124
2024-11-30 22:45:16,037 [pool-3-thread-1] INFO  tn.enit.deRacer.DemographicRaceReducer - Reducer: Other count: 271
2024-11-30 22:45:16,071 [pool-3-thread-1] INFO  tn.enit.deRacer.DemographicRaceReducer - Reducer: White count: 27816
2024-11-30 22:45:16,072 [pool-3-thread-1] INFO  org.apache.hadoop.mapred.Task - Task:attempt_local245256287_0001_r_000000_0 is done. And is in the process of committing
2024-11-30 22:45:16,073 [pool-3-thread-1] INFO  org.apache.hadoop.mapred.LocalJobRunner - 1 / 1 copied.
2024-11-30 22:45:16,073 [pool-3-thread-1] INFO  org.apache.hadoop.mapred.Task - Task attempt_local245256287_0001_r_000000_0 is allowed to commit now
2024-11-30 22:45:16,074 [pool-3-thread-1] INFO  org.apache.hadoop.mapreduce.lib.output.FileOutputCommitter - Saved output of task 'attempt_local245256287_0001_r_000000_0' to file:/home/bigdata/IdeaProjects/DataEngineeringCensusIncome/src/main/resources/output3/_temporary/0/task_local245256287_0001_r_000000
2024-11-30 22:45:16,074 [pool-3-thread-1] INFO  org.apache.hadoop.mapred.LocalJobRunner - reduce > reduce
2024-11-30 22:45:16,074 [pool-3-thread-1] INFO  org.apache.hadoop.mapred.Task - Task 'attempt_local245256287_0001_r_000000_0' done.
2024-11-30 22:45:16,074 [pool-3-thread-1] INFO  org.apache.hadoop.mapred.LocalJobRunner - Finishing task: attempt_local245256287_0001_r_000000_0
2024-11-30 22:45:16,075 [Thread-14] INFO  org.apache.hadoop.mapred.LocalJobRunner - reduce task executor complete.
2024-11-30 22:45:16,588 [main] INFO  org.apache.hadoop.mapreduce.Job - Job job_local245256287_0001 running in uber mode : false
2024-11-30 22:45:16,589 [main] INFO  org.apache.hadoop.mapreduce.Job -  map 100% reduce 100%
2024-11-30 22:45:16,590 [main] INFO  org.apache.hadoop.mapreduce.Job - Job job_local245256287_0001 completed successfully
2024-11-30 22:45:16,598 [main] INFO  org.apache.hadoop.mapreduce.Job - Counters: 30
	File System Counters
		FILE: Number of bytes read=8765652
		FILE: Number of bytes written=1785730
		FILE: Number of read operations=0
		FILE: Number of large read operations=0
		FILE: Number of write operations=0
	Map-Reduce Framework
		Map input records=32562
		Map output records=32561
		Map output bytes=343160
		Map output materialized bytes=408288
		Input split bytes=160
		Combine input records=0
		Combine output records=0
		Reduce input groups=5
		Reduce shuffle bytes=408288
		Reduce input records=32561
		Reduce output records=5
		Spilled Records=65122
		Shuffled Maps =1
		Failed Shuffles=0
		Merged Map outputs=1
		GC time elapsed (ms)=27
		Total committed heap usage (bytes)=503316480
	Shuffle Errors
		BAD_ID=0
		CONNECTION=0
		IO_ERROR=0
		WRONG_LENGTH=0
		WRONG_MAP=0
		WRONG_REDUCE=0
	File Input Format Counters 
		Bytes Read=3974305
	File Output Format Counters 
		Bytes Written=92
